# JRE version: OpenJDK Runtime Environment (17.0.6) (build 17.0.6+0-b2043.56-10027231)
# Java VM: OpenJDK 64-Bit Server VM (17.0.6+0-b2043.56-10027231, mixed mode, tiered, compressed oops, compressed class ptrs, g1 gc, windows-amd64)
GC Precious Log:
 CPUs: 4 total, 4 available
 Memory: 8110M
 Large Page Support: Disabled
 NUMA Support: Disabled
 Compressed Oops: Enabled (32-bit)
 Heap Region Size: 1M
 Heap Min Capacity: 8M
 Heap Initial Capacity: 128M
 Heap Max Capacity: 2G
 Pre-touch: Disabled
 Parallel Workers: 4
 Concurrent Workers: 1
 Concurrent Refinement Workers: 4
 Periodic GC: Disabled
Heap:
 garbage-first heap   total 398336K, used 196234K [0x0000000080000000, 0x0000000100000000)
  region size 1024K, 82 young (83968K), 18 survivors (18432K)
 Metaspace       used 101442K, committed 102144K, reserved 1138688K
  class space    used 13497K, committed 13824K, reserved 1048576K
GC Heap History (20 events):
Event: 15.680 GC heap before
{Heap before GC invocations=30 (full 0):
 garbage-first heap   total 188416K, used 131486K [0x0000000080000000, 0x0000000100000000)
  region size 1024K, 77 young (78848K), 2 survivors (2048K)
 Metaspace       used 73326K, committed 73856K, reserved 1114112K
  class space    used 9805K, committed 10048K, reserved 1048576K
}
Event: 15.687 GC heap after
{Heap after GC invocations=31 (full 0):
 garbage-first heap   total 188416K, used 58948K [0x0000000080000000, 0x0000000100000000)
  region size 1024K, 8 young (8192K), 8 survivors (8192K)
 Metaspace       used 73326K, committed 73856K, reserved 1114112K
  class space    used 9805K, committed 10048K, reserved 1048576K
}
Event: 15.700 GC heap before
{Heap before GC invocations=31 (full 0):
 garbage-first heap   total 188416K, used 58948K [0x0000000080000000, 0x0000000100000000)
  region size 1024K, 9 young (9216K), 8 survivors (8192K)
 Metaspace       used 73409K, committed 73920K, reserved 1114112K
  class space    used 9825K, committed 10048K, reserved 1048576K
}
Event: 15.706 GC heap after
{Heap after GC invocations=32 (full 0):
 garbage-first heap   total 188416K, used 59792K [0x0000000080000000, 0x0000000100000000)
  region size 1024K, 1 young (1024K), 1 survivors (1024K)
 Metaspace       used 73409K, committed 73920K, reserved 1114112K
  class space    used 9825K, committed 10048K, reserved 1048576K
}
Event: 17.013 GC heap before
{Heap before GC invocations=32 (full 0):
 garbage-first heap   total 188416K, used 135568K [0x0000000080000000, 0x0000000100000000)
  region size 1024K, 75 young (76800K), 1 survivors (1024K)
 Metaspace       used 82349K, committed 82816K, reserved 1122304K
  class space    used 11132K, committed 11328K, reserved 1048576K
}
Event: 17.020 GC heap after
{Heap after GC invocations=33 (full 0):
 garbage-first heap   total 188416K, used 64519K [0x0000000080000000, 0x0000000100000000)
  region size 1024K, 6 young (6144K), 6 survivors (6144K)
 Metaspace       used 82349K, committed 82816K, reserved 1122304K
  class space    used 11132K, committed 11328K, reserved 1048576K
}
Event: 17.729 GC heap before
{Heap before GC invocations=33 (full 0):
 garbage-first heap   total 188416K, used 139271K [0x0000000080000000, 0x0000000100000000)
  region size 1024K, 79 young (80896K), 6 survivors (6144K)
 Metaspace       used 85548K, committed 86144K, reserved 1130496K
  class space    used 11448K, committed 11712K, reserved 1048576K
}
Event: 17.741 GC heap after
{Heap after GC invocations=34 (full 0):
 garbage-first heap   total 188416K, used 76054K [0x0000000080000000, 0x0000000100000000)
  region size 1024K, 10 young (10240K), 10 survivors (10240K)
 Metaspace       used 85548K, committed 86144K, reserved 1130496K
  class space    used 11448K, committed 11712K, reserved 1048576K
}
Event: 19.594 GC heap before
{Heap before GC invocations=34 (full 0):
 garbage-first heap   total 188416K, used 141590K [0x0000000080000000, 0x0000000100000000)
  region size 1024K, 75 young (76800K), 10 survivors (10240K)
 Metaspace       used 88049K, committed 88640K, reserved 1130496K
  class space    used 11860K, committed 12160K, reserved 1048576K
}
Event: 19.606 GC heap after
{Heap after GC invocations=35 (full 0):
 garbage-first heap   total 188416K, used 83173K [0x0000000080000000, 0x0000000100000000)
  region size 1024K, 7 young (7168K), 7 survivors (7168K)
 Metaspace       used 88049K, committed 88640K, reserved 1130496K
  class space    used 11860K, committed 12160K, reserved 1048576K
}
Event: 20.642 GC heap before
{Heap before GC invocations=35 (full 0):
 garbage-first heap   total 188416K, used 146661K [0x0000000080000000, 0x0000000100000000)
  region size 1024K, 68 young (69632K), 7 survivors (7168K)
 Metaspace       used 91237K, committed 91904K, reserved 1130496K
  class space    used 12282K, committed 12608K, reserved 1048576K
}
Event: 20.665 GC heap after
{Heap after GC invocations=36 (full 0):
 garbage-first heap   total 188416K, used 102278K [0x0000000080000000, 0x0000000100000000)
  region size 1024K, 9 young (9216K), 9 survivors (9216K)
 Metaspace       used 91237K, committed 91904K, reserved 1130496K
  class space    used 12282K, committed 12608K, reserved 1048576K
}
Event: 21.112 GC heap before
{Heap before GC invocations=36 (full 0):
 garbage-first heap   total 188416K, used 139142K [0x0000000080000000, 0x0000000100000000)
  region size 1024K, 34 young (34816K), 9 survivors (9216K)
 Metaspace       used 91701K, committed 92352K, reserved 1130496K
  class space    used 12325K, committed 12608K, reserved 1048576K
}
Event: 21.125 GC heap after
{Heap after GC invocations=37 (full 0):
 garbage-first heap   total 188416K, used 115200K [0x0000000080000000, 0x0000000100000000)
  region size 1024K, 6 young (6144K), 6 survivors (6144K)
 Metaspace       used 91701K, committed 92352K, reserved 1130496K
  class space    used 12325K, committed 12608K, reserved 1048576K
}
Event: 21.824 GC heap before
{Heap before GC invocations=38 (full 0):
 garbage-first heap   total 206848K, used 143872K [0x0000000080000000, 0x0000000100000000)
  region size 1024K, 31 young (31744K), 6 survivors (6144K)
 Metaspace       used 93976K, committed 94592K, reserved 1138688K
  class space    used 12569K, committed 12864K, reserved 1048576K
}
Event: 21.833 GC heap after
{Heap after GC invocations=39 (full 0):
 garbage-first heap   total 206848K, used 114512K [0x0000000080000000, 0x0000000100000000)
  region size 1024K, 3 young (3072K), 3 survivors (3072K)
 Metaspace       used 93976K, committed 94592K, reserved 1138688K
  class space    used 12569K, committed 12864K, reserved 1048576K
}
Event: 21.928 GC heap before
{Heap before GC invocations=39 (full 0):
 garbage-first heap   total 206848K, used 120656K [0x0000000080000000, 0x0000000100000000)
  region size 1024K, 10 young (10240K), 3 survivors (3072K)
 Metaspace       used 94165K, committed 94784K, reserved 1138688K
  class space    used 12595K, committed 12928K, reserved 1048576K
}
Event: 21.932 GC heap after
{Heap after GC invocations=40 (full 0):
 garbage-first heap   total 398336K, used 115004K [0x0000000080000000, 0x0000000100000000)
  region size 1024K, 1 young (1024K), 1 survivors (1024K)
 Metaspace       used 94165K, committed 94784K, reserved 1138688K
  class space    used 12595K, committed 12928K, reserved 1048576K
}
Event: 30.134 GC heap before
{Heap before GC invocations=40 (full 0):
 garbage-first heap   total 398336K, used 310588K [0x0000000080000000, 0x0000000100000000)
  region size 1024K, 193 young (197632K), 1 survivors (1024K)
 Metaspace       used 99921K, committed 100544K, reserved 1138688K
  class space    used 13323K, committed 13632K, reserved 1048576K
}
Event: 30.151 GC heap after
{Heap after GC invocations=41 (full 0):
 garbage-first heap   total 398336K, used 131722K [0x0000000080000000, 0x0000000100000000)
  region size 1024K, 18 young (18432K), 18 survivors (18432K)
 Metaspace       used 99921K, committed 100544K, reserved 1138688K
  class space    used 13323K, committed 13632K, reserved 1048576K
}

